<?xml version="1.0" encoding="UTF-8"?>
<!-- Generated by org.testng.reporters.JUnitReportReporter -->
<testsuite hostname="DESKTOP-SQ1HPPK" failures="0" tests="2" name="com.app.tests.TestNGAnotationSDemo" time="0.030" errors="0" timestamp="2023-05-04T07:59:35 IST" skipped="0">
  <testcase classname="com.app.tests.TestNGAnotationSDemo" name="testCase1" time="0.019"/>
  <system-out/>
  <testcase classname="com.app.tests.TestNGAnotationSDemo" name="testCase2" time="0.011"/>
  <system-out/>
</testsuite> <!-- com.app.tests.TestNGAnotationSDemo -->
