<?xml version="1.0" encoding="UTF-8"?>
<!-- Generated by org.testng.reporters.JUnitReportReporter -->
<testsuite hostname="DESKTOP-SQ1HPPK" failures="0" tests="1" name="com.testng.demo.SeleniumDemo1" time="15.684" errors="0" timestamp="2023-04-14T08:57:07 IST" skipped="0">
  <testcase classname="com.testng.demo.SeleniumDemo1" name="launchFacebook" time="15.684"/>
  <system-out/>
</testsuite> <!-- com.testng.demo.SeleniumDemo1 -->
