<?xml version="1.0" encoding="UTF-8"?>
<!-- Generated by org.testng.reporters.JUnitReportReporter -->
<testsuite hostname="DESKTOP-SQ1HPPK" failures="0" tests="1" name="com.testng.demo.SeleniumScreenshotDemo" time="23.467" errors="0" timestamp="2023-04-27T08:19:48 IST" skipped="0">
  <testcase classname="com.testng.demo.SeleniumScreenshotDemo" name="verifyAppLaunch" time="23.467"/>
  <system-out/>
</testsuite> <!-- com.testng.demo.SeleniumScreenshotDemo -->
