<?xml version="1.0" encoding="UTF-8"?>
<!-- Generated by org.testng.reporters.JUnitReportReporter -->
<testsuite hostname="DESKTOP-SQ1HPPK" failures="0" tests="1" name="com.testng.demo.SeleniumDemo1" time="12.660" errors="0" timestamp="2023-04-20T08:58:05 IST" skipped="0">
  <testcase classname="com.testng.demo.SeleniumDemo1" name="verifyAppLaunch" time="12.660"/>
  <system-out/>
</testsuite> <!-- com.testng.demo.SeleniumDemo1 -->
