<?xml version="1.0" encoding="UTF-8"?>
<!-- Generated by org.testng.reporters.JUnitReportReporter -->
<testsuite hostname="DESKTOP-SQ1HPPK" failures="0" tests="1" name="com.testng.demo.SeleniumDemo1" time="19.107" errors="0" timestamp="2023-04-22T08:11:00 IST" skipped="0">
  <testcase classname="com.testng.demo.SeleniumDemo1" name="verifyAppLaunch" time="19.107"/>
  <system-out/>
</testsuite> <!-- com.testng.demo.SeleniumDemo1 -->
