<?xml version="1.0" encoding="UTF-8"?>
<!-- Generated by org.testng.reporters.JUnitReportReporter -->
<testsuite hostname="DESKTOP-SQ1HPPK" failures="0" tests="1" name="com.testng.demo.SeleniumFindElementsDemo" time="60.776" errors="0" timestamp="2023-04-25T09:19:21 IST" skipped="0">
  <testcase classname="com.testng.demo.SeleniumFindElementsDemo" name="verifyAppLaunch" time="60.776"/>
  <system-out/>
</testsuite> <!-- com.testng.demo.SeleniumFindElementsDemo -->
