<?xml version="1.0" encoding="UTF-8"?>
<!-- Generated by org.testng.reporters.JUnitReportReporter -->
<testsuite hostname="DESKTOP-SQ1HPPK" failures="0" tests="1" name="com.testng.demo.SeleniumDDDemo" time="26.731" errors="0" timestamp="2023-04-26T08:56:14 IST" skipped="0">
  <testcase classname="com.testng.demo.SeleniumDDDemo" name="verifyAppLaunch" time="26.731"/>
  <system-out/>
</testsuite> <!-- com.testng.demo.SeleniumDDDemo -->
