<?xml version="1.0" encoding="UTF-8"?>
<!-- Generated by org.testng.reporters.JUnitReportReporter -->
<testsuite hostname="DESKTOP-SQ1HPPK" failures="0" tests="1" name="com.testng.demo.SeleniumMethods2" time="12.032" errors="0" timestamp="2023-04-22T08:30:09 IST" skipped="0">
  <testcase classname="com.testng.demo.SeleniumMethods2" name="verifyAppLaunch" time="12.032"/>
  <system-out/>
</testsuite> <!-- com.testng.demo.SeleniumMethods2 -->
