<?xml version="1.0" encoding="UTF-8"?>
<!-- Generated by org.testng.reporters.JUnitReportReporter -->
<testsuite hostname="DESKTOP-SQ1HPPK" failures="0" tests="1" name="com.testng.demo.SeleniumDemo1" time="43.765" errors="0" timestamp="2023-04-21T21:54:54 IST" skipped="0">
  <testcase classname="com.testng.demo.SeleniumDemo1" name="verifyAppLaunch" time="43.765"/>
  <system-out/>
</testsuite> <!-- com.testng.demo.SeleniumDemo1 -->
