<?xml version="1.0" encoding="UTF-8"?>
<!-- Generated by org.testng.reporters.JUnitReportReporter -->
<testsuite hostname="DESKTOP-SQ1HPPK" failures="0" tests="1" name="com.testng.demo.SeleniumDemoJSE" time="18.664" errors="0" timestamp="2023-04-24T08:20:53 IST" skipped="0">
  <testcase classname="com.testng.demo.SeleniumDemoJSE" name="verifyAppLaunch" time="18.664"/>
  <system-out/>
</testsuite> <!-- com.testng.demo.SeleniumDemoJSE -->
